<?xml version="1.0" encoding="UTF-8"?>
<testsuite name="EventTest" tests="1" skipped="0" failures="0" errors="0" timestamp="2021-11-07T23:41:29" hostname="DESKTOP-BKLQ23J" time="0.023">
  <properties/>
  <testcase name="test_EventCreate()" classname="EventTest" time="0.023"/>
  <system-out><![CDATA[]]></system-out>
  <system-err><![CDATA[]]></system-err>
</testsuite>
