<?xml version="1.0" encoding="UTF-8"?>
<testsuite name="TodoListApplicationTest" tests="1" skipped="0" failures="0" errors="0" timestamp="2021-11-07T22:55:16" hostname="DESKTOP-BKLQ23J" time="0.0">
  <properties/>
  <testcase name="test_displayChoicePicker()" classname="TodoListApplicationTest" time="0.0"/>
  <system-out><![CDATA[]]></system-out>
  <system-err><![CDATA[]]></system-err>
</testsuite>
